

times in msec
 clock   self+sourced   self:  sourced script
 clock   elapsed:              other lines

000.076  000.076: --- VIM STARTING ---
000.189  000.113: Allocated generic buffers
000.659  000.470: locale set
000.676  000.017: GUI prepared
000.682  000.006: clipboard setup
000.689  000.007: window checked
001.700  001.011: inits 1
001.896  000.196: parsing arguments
008.961  007.065: expanding arguments
014.127  005.166: shell init
014.244  000.117: inits 2
018.323  004.079: init highlight
018.709  000.254  000.254: sourcing $VIM/vimrc
019.261  000.112  000.112: sourcing /Applications/MacVim.app/Contents/Resources/vim/runtime/ftoff.vim
019.682  000.280  000.280: sourcing /Users/rosstimson/.vim/autoload/pathogen.vim
097.562  000.099  000.099: sourcing /Users/rosstimson/.vim/ftdetect/less.vim
097.718  000.071  000.071: sourcing /Users/rosstimson/.vim/ftdetect/sinatra.vim
097.915  000.122  000.122: sourcing /Users/rosstimson/.vim/ftdetect/vala.vim
098.401  000.138  000.138: sourcing /Users/rosstimson/.vim/bundle/cucumber/ftdetect/cucumber.vim
099.022  000.295  000.295: sourcing /Users/rosstimson/.vim/bundle/git/ftdetect/git.vim
099.281  000.055  000.055: sourcing /Users/rosstimson/.vim/bundle/go/ftdetect/gofiletype.vim
099.573  000.123  000.123: sourcing /Users/rosstimson/.vim/bundle/haml/ftdetect/haml.vim
099.832  000.061  000.061: sourcing /Users/rosstimson/.vim/bundle/jade/ftdetect/jade.vim
100.329  000.245  000.245: sourcing /Users/rosstimson/.vim/bundle/markdown/ftdetect/markdown.vim
100.728  000.154  000.154: sourcing /Users/rosstimson/.vim/bundle/mustache/ftdetect/mustache.vim
101.073  000.068  000.068: sourcing /Users/rosstimson/.vim/bundle/scala/ftdetect/scala.vim
101.426  000.184  000.184: sourcing /Users/rosstimson/.vim/bundle/scss-syntax/ftdetect/scss.vim
101.739  000.137  000.137: sourcing /Users/rosstimson/.vim/bundle/slim/ftdetect/slim.vim
102.125  000.086  000.086: sourcing /Users/rosstimson/.vim/bundle/textile/ftdetect/textile.vim
102.489  000.139  000.139: sourcing /Users/rosstimson/.vim/bundle/vim-coffee-script/ftdetect/coffee.vim
102.719  000.147  000.147: sourcing /Users/rosstimson/.vim/bundle/vim-coffee-script/ftdetect/eco.vim
104.340  001.395  001.395: sourcing /Users/rosstimson/.vim/bundle/vim-ruby/ftdetect/ruby.vim
104.658  000.096  000.096: sourcing /Users/rosstimson/.vim/bundle/vim-ruby-sinatra/ftdetect/ruby-sinatra.vim
107.135  000.120  000.120: sourcing /Applications/MacVim.app/Contents/Resources/vim/runtime/autoload/paste.vim
155.850  050.758  050.638: sourcing /Applications/MacVim.app/Contents/Resources/vim/runtime/menu.vim
155.920  086.126  031.753: sourcing /Applications/MacVim.app/Contents/Resources/vim/runtime/filetype.vim
156.652  000.101  000.101: sourcing /Applications/MacVim.app/Contents/Resources/vim/runtime/ftplugin.vim
157.281  000.030  000.030: sourcing /Applications/MacVim.app/Contents/Resources/vim/runtime/filetype.vim
157.945  000.082  000.082: sourcing /Applications/MacVim.app/Contents/Resources/vim/runtime/indent.vim
160.017  000.698  000.698: sourcing /Applications/MacVim.app/Contents/Resources/vim/runtime/syntax/syncolor.vim
160.422  001.706  001.008: sourcing /Applications/MacVim.app/Contents/Resources/vim/runtime/syntax/synload.vim
160.516  002.406  000.700: sourcing /Applications/MacVim.app/Contents/Resources/vim/runtime/syntax/syntax.vim
162.138  000.533  000.533: sourcing /Applications/MacVim.app/Contents/Resources/vim/runtime/syntax/syncolor.vim
181.671  000.553  000.553: sourcing /Applications/MacVim.app/Contents/Resources/vim/runtime/syntax/syncolor.vim
183.288  000.781  000.781: sourcing /Applications/MacVim.app/Contents/Resources/vim/runtime/syntax/syncolor.vim
195.823  033.153  031.819: sourcing /Users/rosstimson/.vim/bundle/solarized/colors/solarized.vim
200.796  000.786  000.786: sourcing /Applications/MacVim.app/Contents/Resources/vim/runtime/syntax/syncolor.vim
203.026  000.929  000.929: sourcing /Applications/MacVim.app/Contents/Resources/vim/runtime/syntax/syncolor.vim
213.505  016.392  014.677: sourcing /Users/rosstimson/.vim/bundle/solarized/colors/solarized.vim
219.760  001.037  001.037: sourcing /Applications/MacVim.app/Contents/Resources/vim/runtime/syntax/syncolor.vim
221.749  000.759  000.759: sourcing /Applications/MacVim.app/Contents/Resources/vim/runtime/syntax/syncolor.vim
232.828  017.189  015.393: sourcing /Users/rosstimson/.vim/bundle/solarized/colors/solarized.vim
235.779  000.251  000.251: sourcing /Users/rosstimson/.vim/snippets/support_functions.vim
236.151  217.135  060.480: sourcing /Users/rosstimson/.vim/vimrc
236.170  217.254  000.119: sourcing $HOME/.vimrc
236.180  000.349: sourcing vimrc file(s)
237.776  000.742  000.742: sourcing /Users/rosstimson/.vim/plugin/IndexedSearch.vim
240.494  002.629  002.629: sourcing /Users/rosstimson/.vim/plugin/ScreenShot.vim
241.487  000.894  000.894: sourcing /Users/rosstimson/.vim/plugin/ScrollColor.vim
242.272  000.694  000.694: sourcing /Users/rosstimson/.vim/plugin/autoclose.vim
244.324  001.965  001.965: sourcing /Users/rosstimson/.vim/plugin/color_sample_pack.vim
245.645  001.226  001.226: sourcing /Users/rosstimson/.vim/plugin/git.vim
247.297  001.555  001.555: sourcing /Users/rosstimson/.vim/plugin/grep.vim
247.530  000.142  000.142: sourcing /Users/rosstimson/.vim/plugin/hexHighlight.vim
247.724  000.114  000.114: sourcing /Users/rosstimson/.vim/plugin/nerdtree_plugin/FindInNERDTree.vim
248.581  000.780  000.780: sourcing /Users/rosstimson/.vim/plugin/rvm.vim
251.118  002.178  002.178: sourcing /Users/rosstimson/.vim/bundle/CSApprox/plugin/CSApprox.vim
251.567  000.331  000.331: sourcing /Users/rosstimson/.vim/bundle/CSApprox/plugin/new_approx.vim
264.066  012.209  012.209: sourcing /Users/rosstimson/.vim/bundle/NERD_commenter/plugin/NERD_commenter.vim
273.931  009.489  009.489: sourcing /Users/rosstimson/.vim/bundle/NERD_tree/plugin/NERD_tree.vim
274.664  000.315  000.315: sourcing /Users/rosstimson/.vim/bundle/ack/plugin/ack.vim
277.601  002.682  002.682: sourcing /Users/rosstimson/.vim/bundle/bufexplorer/plugin/bufexplorer.vim
280.268  002.334  002.334: sourcing /Users/rosstimson/.vim/bundle/bundler/plugin/bundler.vim
282.205  001.657  001.657: sourcing /Users/rosstimson/.vim/bundle/camelcasemotion/plugin/camelcasemotion.vim
283.118  000.288  000.288: sourcing /Users/rosstimson/.vim/bundle/ctrlp/autoload/ctrlp/mrufiles.vim
283.247  000.800  000.512: sourcing /Users/rosstimson/.vim/bundle/ctrlp/plugin/ctrlp.vim
315.656  032.138  032.138: sourcing /Users/rosstimson/.vim/bundle/cvim/plugin/c.vim
316.704  000.695  000.695: sourcing /Users/rosstimson/.vim/bundle/endwise/plugin/endwise.vim
325.242  008.280  008.280: sourcing /Users/rosstimson/.vim/bundle/fugitive/plugin/fugitive.vim
325.834  000.302  000.302: sourcing /Users/rosstimson/.vim/bundle/gist/plugin/gist.vim
328.274  002.094  002.094: sourcing /Users/rosstimson/.vim/bundle/gnupg/plugin/gnupg.vim
330.205  001.450  001.450: sourcing /Users/rosstimson/.vim/bundle/matchit/plugin/matchit.vim
331.803  001.243  001.243: sourcing /Users/rosstimson/.vim/bundle/pastie/plugin/pastie.vim
333.257  001.210  001.210: sourcing /Users/rosstimson/.vim/bundle/ragtag/plugin/ragtag.vim
334.357  000.850  000.850: sourcing /Users/rosstimson/.vim/bundle/rails/plugin/rails.vim
338.230  003.634  003.634: sourcing /Users/rosstimson/.vim/bundle/rake/plugin/rake.vim
338.648  000.159  000.159: sourcing /Users/rosstimson/.vim/bundle/scala/plugin/31-create-scala.vim
340.313  001.373  001.373: sourcing /Users/rosstimson/.vim/bundle/snipmate/plugin/snipMate.vim
342.441  001.852  001.852: sourcing /Users/rosstimson/.vim/bundle/supertab/plugin/supertab.vim
343.930  001.236  001.236: sourcing /Users/rosstimson/.vim/bundle/surround/plugin/surround.vim
508.819  164.645  164.645: sourcing /Users/rosstimson/.vim/bundle/syntastic/plugin/syntastic.vim
510.676  001.493  001.493: sourcing /Users/rosstimson/.vim/bundle/taglist_45/plugin/taglist.vim
514.449  003.499  003.499: sourcing /Users/rosstimson/.vim/bundle/unimpaired/plugin/unimpaired.vim
651.239  134.813  134.813: sourcing /Users/rosstimson/.vim/bundle/vim-preview/plugin/preview.vim
660.560  008.826  008.826: sourcing /Users/rosstimson/.vim/bundle/yankring/plugin/yankring.vim
661.597  000.227  000.227: sourcing /Applications/MacVim.app/Contents/Resources/vim/runtime/plugin/getscriptPlugin.vim
662.152  000.479  000.479: sourcing /Applications/MacVim.app/Contents/Resources/vim/runtime/plugin/gzip.vim
662.596  000.365  000.365: sourcing /Applications/MacVim.app/Contents/Resources/vim/runtime/plugin/matchparen.vim
663.567  000.893  000.893: sourcing /Applications/MacVim.app/Contents/Resources/vim/runtime/plugin/netrwPlugin.vim
663.775  000.126  000.126: sourcing /Applications/MacVim.app/Contents/Resources/vim/runtime/plugin/rrhelper.vim
663.942  000.089  000.089: sourcing /Applications/MacVim.app/Contents/Resources/vim/runtime/plugin/spellfile.vim
664.356  000.337  000.337: sourcing /Applications/MacVim.app/Contents/Resources/vim/runtime/plugin/tarPlugin.vim
664.615  000.177  000.177: sourcing /Applications/MacVim.app/Contents/Resources/vim/runtime/plugin/tohtml.vim
665.007  000.314  000.314: sourcing /Applications/MacVim.app/Contents/Resources/vim/runtime/plugin/vimballPlugin.vim
665.381  000.289  000.289: sourcing /Applications/MacVim.app/Contents/Resources/vim/runtime/plugin/zipPlugin.vim
688.287  022.539  022.539: sourcing /Users/rosstimson/.vim/bundle/snipmate/after/plugin/snipMate.vim
688.394  013.851: loading plugins
688.426  000.032: inits 3
691.703  003.096  003.096: sourcing $VIMRUNTIME/menu.vim
692.347  000.518  000.518: sourcing $VIM/gvimrc
692.847  000.158  000.158: sourcing /Users/rosstimson/.vim/gvimrc
692.860  000.321  000.163: sourcing $HOME/.gvimrc
803.190  110.829: starting GUI
807.120  003.930: reading viminfo
927.031  119.911: GUI delay
927.042  000.011: setting raw mode
927.045  000.003: start termcap
927.125  000.080: clearing screen
1009.172  000.362  000.362: sourcing /Applications/MacVim.app/Contents/Resources/vim/runtime/ftplugin/xml.vim
1046.212  036.115  036.115: sourcing /Users/rosstimson/.vim/ftplugin/html/zencoding.vim
1083.435  000.171  000.171: sourcing /Users/rosstimson/.vim/bundle/snipmate/ftplugin/html_snip_helper.vim
1084.909  000.520  000.520: sourcing /Applications/MacVim.app/Contents/Resources/vim/runtime/ftplugin/html.vim
1085.622  081.967  044.799: sourcing /Applications/MacVim.app/Contents/Resources/vim/runtime/ftplugin/xhtml.vim
1090.119  002.826  002.826: sourcing /Users/rosstimson/.vim/bundle/html5/indent/html.vim
1090.594  000.069  000.069: sourcing /Applications/MacVim.app/Contents/Resources/vim/runtime/indent/html.vim
1090.679  003.750  000.855: sourcing /Applications/MacVim.app/Contents/Resources/vim/runtime/indent/xhtml.vim
1097.682  001.479  001.479: sourcing /Applications/MacVim.app/Contents/Resources/vim/runtime/syntax/javascript.vim
1098.219  000.375  000.375: sourcing /Users/rosstimson/.vim/bundle/html5/after/syntax/javascript.vim
1106.235  007.092  007.092: sourcing /Applications/MacVim.app/Contents/Resources/vim/runtime/syntax/vb.vim
1110.028  003.300  003.300: sourcing /Users/rosstimson/.vim/bundle/html5/syntax/css.vim
1114.936  004.451  004.451: sourcing /Applications/MacVim.app/Contents/Resources/vim/runtime/syntax/css.vim
1116.752  023.478  006.781: sourcing /Applications/MacVim.app/Contents/Resources/vim/runtime/syntax/html.vim
1117.435  000.537  000.537: sourcing /Users/rosstimson/.vim/bundle/html5/after/syntax/html.vim
1118.963  000.057  000.057: sourcing /Applications/MacVim.app/Contents/Resources/vim/runtime/syntax/javascript.vim
1119.447  000.352  000.352: sourcing /Users/rosstimson/.vim/bundle/html5/after/syntax/javascript.vim
1121.580  003.345  002.936: sourcing /Users/rosstimson/.vim/bundle/vim-coffee-script/syntax/coffee.vim
1121.801  004.226  000.881: sourcing /Users/rosstimson/.vim/bundle/vim-coffee-script/after/syntax/html.vim
1121.840  029.272  001.031: sourcing /Applications/MacVim.app/Contents/Resources/vim/runtime/syntax/xhtml.vim
1128.521  000.953  000.953: sourcing /Applications/MacVim.app/Contents/Resources/vim/runtime/autoload/xmlcomplete.vim
1146.070  003.577  003.577: sourcing /Applications/MacVim.app/Contents/Resources/vim/runtime/autoload/xml/xhtml10s.vim
1154.986  001.068  001.068: sourcing /Users/rosstimson/.vim/bundle/modx/after/syntax/modx.vim
1172.852  000.789  000.789: sourcing /Users/rosstimson/.vim/bundle/modx/after/syntax/modx.vim
1175.134  000.281  000.281: sourcing /Users/rosstimson/.vim/bundle/ctrlp/autoload/ctrlp/utils.vim
1188.900  000.758  000.758: sourcing /Users/rosstimson/.vim/bundle/modx/after/syntax/modx.vim
1199.219  000.807  000.807: sourcing /Users/rosstimson/.vim/bundle/modx/after/syntax/modx.vim
1199.710  150.363: opening buffers
1199.957  000.247: BufEnter autocommands
1199.962  000.005: editing files in windows
1295.274  000.334  000.334: sourcing /Users/rosstimson/.vim/bundle/NERD_tree/nerdtree_plugin/exec_menuitem.vim
1296.161  000.792  000.792: sourcing /Users/rosstimson/.vim/bundle/NERD_tree/nerdtree_plugin/fs_menu.vim
1299.861  098.773: VimEnter autocommands
1299.865  000.004: before starting main loop
2317.832  1017.967: first screen update
2317.836  000.004: --- VIM STARTED ---


times in msec
 clock   self+sourced   self:  sourced script
 clock   elapsed:              other lines

000.013  000.013: --- VIM STARTING ---
000.125  000.112: Allocated generic buffers
000.595  000.470: locale set
000.611  000.016: GUI prepared
000.616  000.005: clipboard setup
000.624  000.008: window checked
001.599  000.975: inits 1
001.856  000.257: parsing arguments
008.861  007.005: expanding arguments
015.444  006.583: shell init
015.562  000.118: inits 2
018.846  003.284: init highlight
019.232  000.257  000.257: sourcing $VIM/vimrc
019.851  000.110  000.110: sourcing /Applications/MacVim.app/Contents/Resources/vim/runtime/ftoff.vim
020.423  000.313  000.313: sourcing /Users/rosstimson/.vim/autoload/pathogen.vim
099.963  000.066  000.066: sourcing /Users/rosstimson/.vim/ftdetect/less.vim
100.129  000.067  000.067: sourcing /Users/rosstimson/.vim/ftdetect/sinatra.vim
100.336  000.127  000.127: sourcing /Users/rosstimson/.vim/ftdetect/vala.vim
100.783  000.090  000.090: sourcing /Users/rosstimson/.vim/bundle/cucumber/ftdetect/cucumber.vim
101.337  000.300  000.300: sourcing /Users/rosstimson/.vim/bundle/git/ftdetect/git.vim
101.600  000.057  000.057: sourcing /Users/rosstimson/.vim/bundle/go/ftdetect/gofiletype.vim
101.906  000.130  000.130: sourcing /Users/rosstimson/.vim/bundle/haml/ftdetect/haml.vim
102.171  000.059  000.059: sourcing /Users/rosstimson/.vim/bundle/jade/ftdetect/jade.vim
102.552  000.177  000.177: sourcing /Users/rosstimson/.vim/bundle/markdown/ftdetect/markdown.vim
102.938  000.144  000.144: sourcing /Users/rosstimson/.vim/bundle/mustache/ftdetect/mustache.vim
103.283  000.063  000.063: sourcing /Users/rosstimson/.vim/bundle/scala/ftdetect/scala.vim
103.534  000.066  000.066: sourcing /Users/rosstimson/.vim/bundle/scss-syntax/ftdetect/scss.vim
103.780  000.069  000.069: sourcing /Users/rosstimson/.vim/bundle/slim/ftdetect/slim.vim
104.147  000.069  000.069: sourcing /Users/rosstimson/.vim/bundle/textile/ftdetect/textile.vim
104.515  000.133  000.133: sourcing /Users/rosstimson/.vim/bundle/vim-coffee-script/ftdetect/coffee.vim
104.679  000.066  000.066: sourcing /Users/rosstimson/.vim/bundle/vim-coffee-script/ftdetect/eco.vim
105.781  000.897  000.897: sourcing /Users/rosstimson/.vim/bundle/vim-ruby/ftdetect/ruby.vim
106.077  000.089  000.089: sourcing /Users/rosstimson/.vim/bundle/vim-ruby-sinatra/ftdetect/ruby-sinatra.vim
108.141  000.117  000.117: sourcing /Applications/MacVim.app/Contents/Resources/vim/runtime/autoload/paste.vim
155.982  049.479  049.362: sourcing /Applications/MacVim.app/Contents/Resources/vim/runtime/menu.vim
156.070  083.989  031.841: sourcing /Applications/MacVim.app/Contents/Resources/vim/runtime/filetype.vim
156.802  000.094  000.094: sourcing /Applications/MacVim.app/Contents/Resources/vim/runtime/ftplugin.vim
157.442  000.028  000.028: sourcing /Applications/MacVim.app/Contents/Resources/vim/runtime/filetype.vim
158.110  000.080  000.080: sourcing /Applications/MacVim.app/Contents/Resources/vim/runtime/indent.vim
160.172  000.675  000.675: sourcing /Applications/MacVim.app/Contents/Resources/vim/runtime/syntax/syncolor.vim
160.436  001.532  000.857: sourcing /Applications/MacVim.app/Contents/Resources/vim/runtime/syntax/synload.vim
160.507  002.224  000.692: sourcing /Applications/MacVim.app/Contents/Resources/vim/runtime/syntax/syntax.vim
162.730  000.688  000.688: sourcing /Applications/MacVim.app/Contents/Resources/vim/runtime/syntax/syncolor.vim
178.639  000.535  000.535: sourcing /Applications/MacVim.app/Contents/Resources/vim/runtime/syntax/syncolor.vim
179.965  000.495  000.495: sourcing /Applications/MacVim.app/Contents/Resources/vim/runtime/syntax/syncolor.vim
189.017  025.757  024.727: sourcing /Users/rosstimson/.vim/bundle/solarized/colors/solarized.vim
193.519  000.711  000.711: sourcing /Applications/MacVim.app/Contents/Resources/vim/runtime/syntax/syncolor.vim
195.508  000.857  000.857: sourcing /Applications/MacVim.app/Contents/Resources/vim/runtime/syntax/syncolor.vim
203.990  013.678  012.110: sourcing /Users/rosstimson/.vim/bundle/solarized/colors/solarized.vim
208.961  000.731  000.731: sourcing /Applications/MacVim.app/Contents/Resources/vim/runtime/syntax/syncolor.vim
210.791  000.716  000.716: sourcing /Applications/MacVim.app/Contents/Resources/vim/runtime/syntax/syncolor.vim
219.203  013.432  011.985: sourcing /Users/rosstimson/.vim/bundle/solarized/colors/solarized.vim
221.704  000.226  000.226: sourcing /Users/rosstimson/.vim/snippets/support_functions.vim
222.010  202.394  061.775: sourcing /Users/rosstimson/.vim/vimrc
222.037  202.518  000.124: sourcing $HOME/.vimrc
222.053  000.432: sourcing vimrc file(s)
223.533  000.689  000.689: sourcing /Users/rosstimson/.vim/plugin/IndexedSearch.vim
226.189  002.570  002.570: sourcing /Users/rosstimson/.vim/plugin/ScreenShot.vim
227.140  000.861  000.861: sourcing /Users/rosstimson/.vim/plugin/ScrollColor.vim
227.878  000.654  000.654: sourcing /Users/rosstimson/.vim/plugin/autoclose.vim
229.878  001.914  001.914: sourcing /Users/rosstimson/.vim/plugin/color_sample_pack.vim
230.703  000.741  000.741: sourcing /Users/rosstimson/.vim/plugin/git.vim
232.278  001.490  001.490: sourcing /Users/rosstimson/.vim/plugin/grep.vim
232.474  000.112  000.112: sourcing /Users/rosstimson/.vim/plugin/hexHighlight.vim
232.666  000.109  000.109: sourcing /Users/rosstimson/.vim/plugin/nerdtree_plugin/FindInNERDTree.vim
233.464  000.719  000.719: sourcing /Users/rosstimson/.vim/plugin/rvm.vim
235.696  001.876  001.876: sourcing /Users/rosstimson/.vim/bundle/CSApprox/plugin/CSApprox.vim
236.090  000.301  000.301: sourcing /Users/rosstimson/.vim/bundle/CSApprox/plugin/new_approx.vim
246.092  009.750  009.750: sourcing /Users/rosstimson/.vim/bundle/NERD_commenter/plugin/NERD_commenter.vim
254.547  008.185  008.185: sourcing /Users/rosstimson/.vim/bundle/NERD_tree/plugin/NERD_tree.vim
255.016  000.211  000.211: sourcing /Users/rosstimson/.vim/bundle/ack/plugin/ack.vim
257.767  002.505  002.505: sourcing /Users/rosstimson/.vim/bundle/bufexplorer/plugin/bufexplorer.vim
260.242  002.223  002.223: sourcing /Users/rosstimson/.vim/bundle/bundler/plugin/bundler.vim
262.089  001.587  001.587: sourcing /Users/rosstimson/.vim/bundle/camelcasemotion/plugin/camelcasemotion.vim
262.956  000.271  000.271: sourcing /Users/rosstimson/.vim/bundle/ctrlp/autoload/ctrlp/mrufiles.vim
263.072  000.743  000.472: sourcing /Users/rosstimson/.vim/bundle/ctrlp/plugin/ctrlp.vim
291.939  028.598  028.598: sourcing /Users/rosstimson/.vim/bundle/cvim/plugin/c.vim
292.833  000.594  000.594: sourcing /Users/rosstimson/.vim/bundle/endwise/plugin/endwise.vim
301.187  008.106  008.106: sourcing /Users/rosstimson/.vim/bundle/fugitive/plugin/fugitive.vim
301.708  000.258  000.258: sourcing /Users/rosstimson/.vim/bundle/gist/plugin/gist.vim
303.922  001.945  001.945: sourcing /Users/rosstimson/.vim/bundle/gnupg/plugin/gnupg.vim
305.741  001.402  001.402: sourcing /Users/rosstimson/.vim/bundle/matchit/plugin/matchit.vim
307.236  001.148  001.148: sourcing /Users/rosstimson/.vim/bundle/pastie/plugin/pastie.vim
308.664  001.187  001.187: sourcing /Users/rosstimson/.vim/bundle/ragtag/plugin/ragtag.vim
309.730  000.817  000.817: sourcing /Users/rosstimson/.vim/bundle/rails/plugin/rails.vim
313.469  003.491  003.491: sourcing /Users/rosstimson/.vim/bundle/rake/plugin/rake.vim
313.840  000.125  000.125: sourcing /Users/rosstimson/.vim/bundle/scala/plugin/31-create-scala.vim
315.325  001.191  001.191: sourcing /Users/rosstimson/.vim/bundle/snipmate/plugin/snipMate.vim
317.323  001.725  001.725: sourcing /Users/rosstimson/.vim/bundle/supertab/plugin/supertab.vim
318.781  001.213  001.213: sourcing /Users/rosstimson/.vim/bundle/surround/plugin/surround.vim
344.998  025.971  025.971: sourcing /Users/rosstimson/.vim/bundle/syntastic/plugin/syntastic.vim
346.756  001.412  001.412: sourcing /Users/rosstimson/.vim/bundle/taglist_45/plugin/taglist.vim
350.522  003.485  003.485: sourcing /Users/rosstimson/.vim/bundle/unimpaired/plugin/unimpaired.vim
375.471  024.664  024.664: sourcing /Users/rosstimson/.vim/bundle/vim-preview/plugin/preview.vim
384.215  008.266  008.266: sourcing /Users/rosstimson/.vim/bundle/yankring/plugin/yankring.vim
385.486  000.219  000.219: sourcing /Applications/MacVim.app/Contents/Resources/vim/runtime/plugin/getscriptPlugin.vim
386.043  000.457  000.457: sourcing /Applications/MacVim.app/Contents/Resources/vim/runtime/plugin/gzip.vim
386.492  000.363  000.363: sourcing /Applications/MacVim.app/Contents/Resources/vim/runtime/plugin/matchparen.vim
387.461  000.885  000.885: sourcing /Applications/MacVim.app/Contents/Resources/vim/runtime/plugin/netrwPlugin.vim
387.660  000.111  000.111: sourcing /Applications/MacVim.app/Contents/Resources/vim/runtime/plugin/rrhelper.vim
387.831  000.087  000.087: sourcing /Applications/MacVim.app/Contents/Resources/vim/runtime/plugin/spellfile.vim
388.239  000.325  000.325: sourcing /Applications/MacVim.app/Contents/Resources/vim/runtime/plugin/tarPlugin.vim
388.490  000.165  000.165: sourcing /Applications/MacVim.app/Contents/Resources/vim/runtime/plugin/tohtml.vim
388.887  000.314  000.314: sourcing /Applications/MacVim.app/Contents/Resources/vim/runtime/plugin/vimballPlugin.vim
389.254  000.276  000.276: sourcing /Applications/MacVim.app/Contents/Resources/vim/runtime/plugin/zipPlugin.vim
392.070  002.436  002.436: sourcing /Users/rosstimson/.vim/bundle/snipmate/after/plugin/snipMate.vim
392.251  011.722: loading plugins
392.307  000.056: inits 3
396.703  004.102  004.102: sourcing $VIMRUNTIME/menu.vim
397.478  000.652  000.652: sourcing $VIM/gvimrc
398.067  000.181  000.181: sourcing /Users/rosstimson/.vim/gvimrc
398.093  000.393  000.212: sourcing $HOME/.gvimrc
494.123  096.669: starting GUI
498.762  004.639: reading viminfo
573.409  074.647: GUI delay
573.419  000.010: setting raw mode
573.422  000.003: start termcap
573.502  000.080: clearing screen
582.878  000.279  000.279: sourcing /Applications/MacVim.app/Contents/Resources/vim/runtime/ftplugin/xml.vim
608.394  024.628  024.628: sourcing /Users/rosstimson/.vim/ftplugin/html/zencoding.vim
610.731  000.119  000.119: sourcing /Users/rosstimson/.vim/bundle/snipmate/ftplugin/html_snip_helper.vim
612.150  000.477  000.477: sourcing /Applications/MacVim.app/Contents/Resources/vim/runtime/ftplugin/html.vim
612.907  033.416  007.913: sourcing /Applications/MacVim.app/Contents/Resources/vim/runtime/ftplugin/xhtml.vim
617.191  002.719  002.719: sourcing /Users/rosstimson/.vim/bundle/html5/indent/html.vim
617.729  000.060  000.060: sourcing /Applications/MacVim.app/Contents/Resources/vim/runtime/indent/html.vim
617.818  003.676  000.897: sourcing /Applications/MacVim.app/Contents/Resources/vim/runtime/indent/xhtml.vim
631.082  008.005  008.005: sourcing /Applications/MacVim.app/Contents/Resources/vim/runtime/syntax/javascript.vim
631.716  000.417  000.417: sourcing /Users/rosstimson/.vim/bundle/html5/after/syntax/javascript.vim
711.799  073.594  073.594: sourcing /Applications/MacVim.app/Contents/Resources/vim/runtime/syntax/vb.vim
720.215  007.821  007.821: sourcing /Users/rosstimson/.vim/bundle/html5/syntax/css.vim
725.765  005.069  005.069: sourcing /Applications/MacVim.app/Contents/Resources/vim/runtime/syntax/css.vim
728.483  108.345  013.439: sourcing /Applications/MacVim.app/Contents/Resources/vim/runtime/syntax/html.vim
729.193  000.542  000.542: sourcing /Users/rosstimson/.vim/bundle/html5/after/syntax/html.vim
731.470  000.047  000.047: sourcing /Applications/MacVim.app/Contents/Resources/vim/runtime/syntax/javascript.vim
732.371  000.768  000.768: sourcing /Users/rosstimson/.vim/bundle/html5/after/syntax/javascript.vim
734.705  003.957  003.142: sourcing /Users/rosstimson/.vim/bundle/vim-coffee-script/syntax/coffee.vim
734.941  005.606  001.649: sourcing /Users/rosstimson/.vim/bundle/vim-coffee-script/after/syntax/html.vim
734.982  115.442  000.949: sourcing /Applications/MacVim.app/Contents/Resources/vim/runtime/syntax/xhtml.vim
737.764  001.102  001.102: sourcing /Applications/MacVim.app/Contents/Resources/vim/runtime/autoload/xmlcomplete.vim
777.894  015.215  015.215: sourcing /Applications/MacVim.app/Contents/Resources/vim/runtime/autoload/xml/xhtml10s.vim
791.120  001.403  001.403: sourcing /Users/rosstimson/.vim/bundle/modx/after/syntax/modx.vim
800.235  000.762  000.762: sourcing /Users/rosstimson/.vim/bundle/modx/after/syntax/modx.vim
802.505  000.246  000.246: sourcing /Users/rosstimson/.vim/bundle/ctrlp/autoload/ctrlp/utils.vim
812.512  000.763  000.763: sourcing /Users/rosstimson/.vim/bundle/modx/after/syntax/modx.vim
824.519  000.759  000.759: sourcing /Users/rosstimson/.vim/bundle/modx/after/syntax/modx.vim
825.288  079.002: opening buffers
825.525  000.237: BufEnter autocommands
825.530  000.005: editing files in windows
869.777  000.312  000.312: sourcing /Users/rosstimson/.vim/bundle/NERD_tree/nerdtree_plugin/exec_menuitem.vim
870.632  000.754  000.754: sourcing /Users/rosstimson/.vim/bundle/NERD_tree/nerdtree_plugin/fs_menu.vim
876.227  049.631: VimEnter autocommands
876.232  000.005: before starting main loop
1901.269  1025.037: first screen update
1901.274  000.005: --- VIM STARTED ---


times in msec
 clock   self+sourced   self:  sourced script
 clock   elapsed:              other lines

000.012  000.012: --- VIM STARTING ---
000.124  000.112: Allocated generic buffers
000.545  000.421: locale set
000.560  000.015: GUI prepared
000.566  000.006: clipboard setup
000.574  000.008: window checked
001.453  000.879: inits 1
001.644  000.191: parsing arguments
008.388  006.744: expanding arguments
013.473  005.085: shell init
013.586  000.113: inits 2
016.972  003.386: init highlight
017.367  000.263  000.263: sourcing $VIM/vimrc
017.956  000.145  000.145: sourcing /Applications/MacVim.app/Contents/Resources/vim/runtime/ftoff.vim
018.437  000.293  000.293: sourcing /Users/rosstimson/.vim/autoload/pathogen.vim
099.269  000.079  000.079: sourcing /Users/rosstimson/.vim/ftdetect/less.vim
099.418  000.069  000.069: sourcing /Users/rosstimson/.vim/ftdetect/sinatra.vim
099.613  000.121  000.121: sourcing /Users/rosstimson/.vim/ftdetect/vala.vim
100.157  000.205  000.205: sourcing /Users/rosstimson/.vim/bundle/cucumber/ftdetect/cucumber.vim
100.951  000.307  000.307: sourcing /Users/rosstimson/.vim/bundle/git/ftdetect/git.vim
101.214  000.056  000.056: sourcing /Users/rosstimson/.vim/bundle/go/ftdetect/gofiletype.vim
101.503  000.121  000.121: sourcing /Users/rosstimson/.vim/bundle/haml/ftdetect/haml.vim
101.749  000.055  000.055: sourcing /Users/rosstimson/.vim/bundle/jade/ftdetect/jade.vim
102.127  000.177  000.177: sourcing /Users/rosstimson/.vim/bundle/markdown/ftdetect/markdown.vim
102.602  000.151  000.151: sourcing /Users/rosstimson/.vim/bundle/mustache/ftdetect/mustache.vim
102.934  000.060  000.060: sourcing /Users/rosstimson/.vim/bundle/scala/ftdetect/scala.vim
103.156  000.052  000.052: sourcing /Users/rosstimson/.vim/bundle/scss-syntax/ftdetect/scss.vim
103.395  000.069  000.069: sourcing /Users/rosstimson/.vim/bundle/slim/ftdetect/slim.vim
103.804  000.116  000.116: sourcing /Users/rosstimson/.vim/bundle/textile/ftdetect/textile.vim
104.180  000.133  000.133: sourcing /Users/rosstimson/.vim/bundle/vim-coffee-script/ftdetect/coffee.vim
104.324  000.062  000.062: sourcing /Users/rosstimson/.vim/bundle/vim-coffee-script/ftdetect/eco.vim
105.716  001.200  001.200: sourcing /Users/rosstimson/.vim/bundle/vim-ruby/ftdetect/ruby.vim
106.021  000.094  000.094: sourcing /Users/rosstimson/.vim/bundle/vim-ruby-sinatra/ftdetect/ruby-sinatra.vim
108.312  000.119  000.119: sourcing /Applications/MacVim.app/Contents/Resources/vim/runtime/autoload/paste.vim
154.586  048.142  048.023: sourcing /Applications/MacVim.app/Contents/Resources/vim/runtime/menu.vim
154.668  082.987  031.718: sourcing /Applications/MacVim.app/Contents/Resources/vim/runtime/filetype.vim
155.540  000.147  000.147: sourcing /Applications/MacVim.app/Contents/Resources/vim/runtime/ftplugin.vim
156.443  000.040  000.040: sourcing /Applications/MacVim.app/Contents/Resources/vim/runtime/filetype.vim
157.332  000.087  000.087: sourcing /Applications/MacVim.app/Contents/Resources/vim/runtime/indent.vim
159.419  000.704  000.704: sourcing /Applications/MacVim.app/Contents/Resources/vim/runtime/syntax/syncolor.vim
159.693  001.576  000.872: sourcing /Applications/MacVim.app/Contents/Resources/vim/runtime/syntax/synload.vim
159.761  002.255  000.679: sourcing /Applications/MacVim.app/Contents/Resources/vim/runtime/syntax/syntax.vim
161.305  000.573  000.573: sourcing /Applications/MacVim.app/Contents/Resources/vim/runtime/syntax/syncolor.vim
177.292  000.541  000.541: sourcing /Applications/MacVim.app/Contents/Resources/vim/runtime/syntax/syncolor.vim
178.638  000.516  000.516: sourcing /Applications/MacVim.app/Contents/Resources/vim/runtime/syntax/syncolor.vim
187.876  025.836  024.779: sourcing /Users/rosstimson/.vim/bundle/solarized/colors/solarized.vim
193.682  001.121  001.121: sourcing /Applications/MacVim.app/Contents/Resources/vim/runtime/syntax/syncolor.vim
196.374  001.054  001.054: sourcing /Applications/MacVim.app/Contents/Resources/vim/runtime/syntax/syncolor.vim
207.343  018.297  016.122: sourcing /Users/rosstimson/.vim/bundle/solarized/colors/solarized.vim
212.406  000.731  000.731: sourcing /Applications/MacVim.app/Contents/Resources/vim/runtime/syntax/syncolor.vim
214.252  000.731  000.731: sourcing /Applications/MacVim.app/Contents/Resources/vim/runtime/syntax/syncolor.vim
222.915  013.738  012.276: sourcing /Users/rosstimson/.vim/bundle/solarized/colors/solarized.vim
225.400  000.233  000.233: sourcing /Users/rosstimson/.vim/snippets/support_functions.vim
225.690  208.007  063.376: sourcing /Users/rosstimson/.vim/vimrc
225.708  208.127  000.120: sourcing $HOME/.vimrc
225.718  000.356: sourcing vimrc file(s)
227.272  000.743  000.743: sourcing /Users/rosstimson/.vim/plugin/IndexedSearch.vim
229.909  002.557  002.557: sourcing /Users/rosstimson/.vim/plugin/ScreenShot.vim
230.867  000.876  000.876: sourcing /Users/rosstimson/.vim/plugin/ScrollColor.vim
231.596  000.651  000.651: sourcing /Users/rosstimson/.vim/plugin/autoclose.vim
233.628  001.953  001.953: sourcing /Users/rosstimson/.vim/plugin/color_sample_pack.vim
234.460  000.754  000.754: sourcing /Users/rosstimson/.vim/plugin/git.vim
236.104  001.566  001.566: sourcing /Users/rosstimson/.vim/plugin/grep.vim
236.443  000.250  000.250: sourcing /Users/rosstimson/.vim/plugin/hexHighlight.vim
236.918  000.228  000.228: sourcing /Users/rosstimson/.vim/plugin/nerdtree_plugin/FindInNERDTree.vim
238.173  001.114  001.114: sourcing /Users/rosstimson/.vim/plugin/rvm.vim
240.883  002.266  002.266: sourcing /Users/rosstimson/.vim/bundle/CSApprox/plugin/CSApprox.vim
241.276  000.304  000.304: sourcing /Users/rosstimson/.vim/bundle/CSApprox/plugin/new_approx.vim
251.361  009.831  009.831: sourcing /Users/rosstimson/.vim/bundle/NERD_commenter/plugin/NERD_commenter.vim
259.978  008.363  008.363: sourcing /Users/rosstimson/.vim/bundle/NERD_tree/plugin/NERD_tree.vim
260.452  000.212  000.212: sourcing /Users/rosstimson/.vim/bundle/ack/plugin/ack.vim
264.918  004.190  004.190: sourcing /Users/rosstimson/.vim/bundle/bufexplorer/plugin/bufexplorer.vim
268.425  003.154  003.154: sourcing /Users/rosstimson/.vim/bundle/bundler/plugin/bundler.vim
271.055  002.280  002.280: sourcing /Users/rosstimson/.vim/bundle/camelcasemotion/plugin/camelcasemotion.vim
272.177  000.352  000.352: sourcing /Users/rosstimson/.vim/bundle/ctrlp/autoload/ctrlp/mrufiles.vim
272.321  000.961  000.609: sourcing /Users/rosstimson/.vim/bundle/ctrlp/plugin/ctrlp.vim
302.609  029.942  029.942: sourcing /Users/rosstimson/.vim/bundle/cvim/plugin/c.vim
303.506  000.600  000.600: sourcing /Users/rosstimson/.vim/bundle/endwise/plugin/endwise.vim
311.818  008.068  008.068: sourcing /Users/rosstimson/.vim/bundle/fugitive/plugin/fugitive.vim
312.325  000.258  000.258: sourcing /Users/rosstimson/.vim/bundle/gist/plugin/gist.vim
314.540  001.949  001.949: sourcing /Users/rosstimson/.vim/bundle/gnupg/plugin/gnupg.vim
316.366  001.408  001.408: sourcing /Users/rosstimson/.vim/bundle/matchit/plugin/matchit.vim
317.878  001.168  001.168: sourcing /Users/rosstimson/.vim/bundle/pastie/plugin/pastie.vim
319.316  001.198  001.198: sourcing /Users/rosstimson/.vim/bundle/ragtag/plugin/ragtag.vim
320.397  000.840  000.840: sourcing /Users/rosstimson/.vim/bundle/rails/plugin/rails.vim
324.172  003.534  003.534: sourcing /Users/rosstimson/.vim/bundle/rake/plugin/rake.vim
324.552  000.135  000.135: sourcing /Users/rosstimson/.vim/bundle/scala/plugin/31-create-scala.vim
326.040  001.197  001.197: sourcing /Users/rosstimson/.vim/bundle/snipmate/plugin/snipMate.vim
328.060  001.749  001.749: sourcing /Users/rosstimson/.vim/bundle/supertab/plugin/supertab.vim
329.514  001.211  001.211: sourcing /Users/rosstimson/.vim/bundle/surround/plugin/surround.vim
354.662  024.906  024.906: sourcing /Users/rosstimson/.vim/bundle/syntastic/plugin/syntastic.vim
356.449  001.434  001.434: sourcing /Users/rosstimson/.vim/bundle/taglist_45/plugin/taglist.vim
360.230  003.505  003.505: sourcing /Users/rosstimson/.vim/bundle/unimpaired/plugin/unimpaired.vim
384.936  024.425  024.425: sourcing /Users/rosstimson/.vim/bundle/vim-preview/plugin/preview.vim
396.340  010.975  010.975: sourcing /Users/rosstimson/.vim/bundle/yankring/plugin/yankring.vim
397.680  000.277  000.277: sourcing /Applications/MacVim.app/Contents/Resources/vim/runtime/plugin/getscriptPlugin.vim
398.400  000.612  000.612: sourcing /Applications/MacVim.app/Contents/Resources/vim/runtime/plugin/gzip.vim
399.026  000.514  000.514: sourcing /Applications/MacVim.app/Contents/Resources/vim/runtime/plugin/matchparen.vim
400.309  001.171  001.171: sourcing /Applications/MacVim.app/Contents/Resources/vim/runtime/plugin/netrwPlugin.vim
400.578  000.161  000.161: sourcing /Applications/MacVim.app/Contents/Resources/vim/runtime/plugin/rrhelper.vim
400.799  000.108  000.108: sourcing /Applications/MacVim.app/Contents/Resources/vim/runtime/plugin/spellfile.vim
401.337  000.437  000.437: sourcing /Applications/MacVim.app/Contents/Resources/vim/runtime/plugin/tarPlugin.vim
401.670  000.228  000.228: sourcing /Applications/MacVim.app/Contents/Resources/vim/runtime/plugin/tohtml.vim
402.152  000.376  000.376: sourcing /Applications/MacVim.app/Contents/Resources/vim/runtime/plugin/vimballPlugin.vim
402.582  000.329  000.329: sourcing /Applications/MacVim.app/Contents/Resources/vim/runtime/plugin/zipPlugin.vim
405.567  002.565  002.565: sourcing /Users/rosstimson/.vim/bundle/snipmate/after/plugin/snipMate.vim
405.642  012.391: loading plugins
405.668  000.026: inits 3
408.335  002.540  002.540: sourcing $VIMRUNTIME/menu.vim
408.877  000.456  000.456: sourcing $VIM/gvimrc
409.315  000.131  000.131: sourcing /Users/rosstimson/.vim/gvimrc
409.327  000.275  000.144: sourcing $HOME/.gvimrc
503.136  094.197: starting GUI
508.498  005.362: reading viminfo
584.269  075.771: GUI delay
584.278  000.009: setting raw mode
584.281  000.003: start termcap
584.358  000.077: clearing screen
593.713  000.286  000.286: sourcing /Applications/MacVim.app/Contents/Resources/vim/runtime/ftplugin/xml.vim
618.324  023.699  023.699: sourcing /Users/rosstimson/.vim/ftplugin/html/zencoding.vim
620.651  000.117  000.117: sourcing /Users/rosstimson/.vim/bundle/snipmate/ftplugin/html_snip_helper.vim
622.133  000.482  000.482: sourcing /Applications/MacVim.app/Contents/Resources/vim/runtime/ftplugin/html.vim
622.842  032.671  008.087: sourcing /Applications/MacVim.app/Contents/Resources/vim/runtime/ftplugin/xhtml.vim
628.861  004.387  004.387: sourcing /Users/rosstimson/.vim/bundle/html5/indent/html.vim
629.391  000.066  000.066: sourcing /Applications/MacVim.app/Contents/Resources/vim/runtime/indent/html.vim
629.483  005.350  000.897: sourcing /Applications/MacVim.app/Contents/Resources/vim/runtime/indent/xhtml.vim
639.365  002.780  002.780: sourcing /Applications/MacVim.app/Contents/Resources/vim/runtime/syntax/javascript.vim
639.994  000.424  000.424: sourcing /Users/rosstimson/.vim/bundle/html5/after/syntax/javascript.vim
663.918  022.168  022.168: sourcing /Applications/MacVim.app/Contents/Resources/vim/runtime/syntax/vb.vim
673.679  003.480  003.480: sourcing /Users/rosstimson/.vim/bundle/html5/syntax/css.vim
684.431  010.216  010.216: sourcing /Applications/MacVim.app/Contents/Resources/vim/runtime/syntax/css.vim
686.343  052.674  013.606: sourcing /Applications/MacVim.app/Contents/Resources/vim/runtime/syntax/html.vim
687.059  000.548  000.548: sourcing /Users/rosstimson/.vim/bundle/html5/after/syntax/html.vim
688.490  000.055  000.055: sourcing /Applications/MacVim.app/Contents/Resources/vim/runtime/syntax/javascript.vim
717.707  029.086  029.086: sourcing /Users/rosstimson/.vim/bundle/html5/after/syntax/javascript.vim
721.305  033.509  004.368: sourcing /Users/rosstimson/.vim/bundle/vim-coffee-script/syntax/coffee.vim
721.638  034.419  000.910: sourcing /Users/rosstimson/.vim/bundle/vim-coffee-script/after/syntax/html.vim
721.694  088.651  001.010: sourcing /Applications/MacVim.app/Contents/Resources/vim/runtime/syntax/xhtml.vim
724.595  001.108  001.108: sourcing /Applications/MacVim.app/Contents/Resources/vim/runtime/autoload/xmlcomplete.vim
766.131  003.740  003.740: sourcing /Applications/MacVim.app/Contents/Resources/vim/runtime/autoload/xml/xhtml10s.vim
776.300  001.004  001.004: sourcing /Users/rosstimson/.vim/bundle/modx/after/syntax/modx.vim
784.016  000.737  000.737: sourcing /Users/rosstimson/.vim/bundle/modx/after/syntax/modx.vim
787.064  000.255  000.255: sourcing /Users/rosstimson/.vim/bundle/ctrlp/autoload/ctrlp/utils.vim
797.885  000.702  000.702: sourcing /Users/rosstimson/.vim/bundle/modx/after/syntax/modx.vim
811.990  001.487  001.487: sourcing /Users/rosstimson/.vim/bundle/modx/after/syntax/modx.vim
812.492  092.429: opening buffers
812.738  000.246: BufEnter autocommands
812.743  000.005: editing files in windows
857.441  000.302  000.302: sourcing /Users/rosstimson/.vim/bundle/NERD_tree/nerdtree_plugin/exec_menuitem.vim
858.518  000.983  000.983: sourcing /Users/rosstimson/.vim/bundle/NERD_tree/nerdtree_plugin/fs_menu.vim
862.803  048.775: VimEnter autocommands
862.807  000.004: before starting main loop
1892.003  1029.196: first screen update
1892.008  000.005: --- VIM STARTED ---


times in msec
 clock   self+sourced   self:  sourced script
 clock   elapsed:              other lines

000.013  000.013: --- VIM STARTING ---
000.123  000.110: Allocated generic buffers
000.549  000.426: locale set
000.565  000.016: GUI prepared
000.570  000.005: clipboard setup
000.578  000.008: window checked
001.479  000.901: inits 1
001.710  000.231: parsing arguments
007.597  005.887: expanding arguments
012.519  004.922: shell init
012.639  000.120: inits 2
016.261  003.622: init highlight
016.667  000.266  000.266: sourcing $VIM/vimrc
017.253  000.107  000.107: sourcing /Applications/MacVim.app/Contents/Resources/vim/runtime/ftoff.vim
017.671  000.276  000.276: sourcing /Users/rosstimson/.vim/autoload/pathogen.vim
094.390  000.060  000.060: sourcing /Users/rosstimson/.vim/ftdetect/less.vim
094.573  000.102  000.102: sourcing /Users/rosstimson/.vim/ftdetect/sinatra.vim
094.771  000.121  000.121: sourcing /Users/rosstimson/.vim/ftdetect/vala.vim
095.499  000.121  000.121: sourcing /Users/rosstimson/.vim/bundle/cucumber/ftdetect/cucumber.vim
096.048  000.294  000.294: sourcing /Users/rosstimson/.vim/bundle/git/ftdetect/git.vim
096.299  000.053  000.053: sourcing /Users/rosstimson/.vim/bundle/go/ftdetect/gofiletype.vim
096.598  000.131  000.131: sourcing /Users/rosstimson/.vim/bundle/haml/ftdetect/haml.vim
096.955  000.074  000.074: sourcing /Users/rosstimson/.vim/bundle/jade/ftdetect/jade.vim
097.329  000.174  000.174: sourcing /Users/rosstimson/.vim/bundle/markdown/ftdetect/markdown.vim
097.701  000.144  000.144: sourcing /Users/rosstimson/.vim/bundle/mustache/ftdetect/mustache.vim
098.042  000.070  000.070: sourcing /Users/rosstimson/.vim/bundle/scala/ftdetect/scala.vim
098.340  000.127  000.127: sourcing /Users/rosstimson/.vim/bundle/scss-syntax/ftdetect/scss.vim
098.585  000.071  000.071: sourcing /Users/rosstimson/.vim/bundle/slim/ftdetect/slim.vim
098.954  000.074  000.074: sourcing /Users/rosstimson/.vim/bundle/textile/ftdetect/textile.vim
099.305  000.128  000.128: sourcing /Users/rosstimson/.vim/bundle/vim-coffee-script/ftdetect/coffee.vim
099.528  000.069  000.069: sourcing /Users/rosstimson/.vim/bundle/vim-coffee-script/ftdetect/eco.vim
100.621  000.893  000.893: sourcing /Users/rosstimson/.vim/bundle/vim-ruby/ftdetect/ruby.vim
100.920  000.083  000.083: sourcing /Users/rosstimson/.vim/bundle/vim-ruby-sinatra/ftdetect/ruby-sinatra.vim
103.039  000.116  000.116: sourcing /Applications/MacVim.app/Contents/Resources/vim/runtime/autoload/paste.vim
150.130  048.795  048.679: sourcing /Applications/MacVim.app/Contents/Resources/vim/runtime/menu.vim
150.206  081.315  029.731: sourcing /Applications/MacVim.app/Contents/Resources/vim/runtime/filetype.vim
150.990  000.099  000.099: sourcing /Applications/MacVim.app/Contents/Resources/vim/runtime/ftplugin.vim
151.642  000.043  000.043: sourcing /Applications/MacVim.app/Contents/Resources/vim/runtime/filetype.vim
152.327  000.085  000.085: sourcing /Applications/MacVim.app/Contents/Resources/vim/runtime/indent.vim
154.504  000.765  000.765: sourcing /Applications/MacVim.app/Contents/Resources/vim/runtime/syntax/syncolor.vim
154.943  001.824  001.059: sourcing /Applications/MacVim.app/Contents/Resources/vim/runtime/syntax/synload.vim
155.011  002.512  000.688: sourcing /Applications/MacVim.app/Contents/Resources/vim/runtime/syntax/syntax.vim
156.541  000.505  000.505: sourcing /Applications/MacVim.app/Contents/Resources/vim/runtime/syntax/syncolor.vim
171.971  000.538  000.538: sourcing /Applications/MacVim.app/Contents/Resources/vim/runtime/syntax/syncolor.vim
173.314  000.500  000.500: sourcing /Applications/MacVim.app/Contents/Resources/vim/runtime/syntax/syncolor.vim
182.340  025.288  024.250: sourcing /Users/rosstimson/.vim/bundle/solarized/colors/solarized.vim
186.660  000.712  000.712: sourcing /Applications/MacVim.app/Contents/Resources/vim/runtime/syntax/syncolor.vim
188.498  000.716  000.716: sourcing /Applications/MacVim.app/Contents/Resources/vim/runtime/syntax/syncolor.vim
196.977  013.475  012.047: sourcing /Users/rosstimson/.vim/bundle/solarized/colors/solarized.vim
201.923  000.715  000.715: sourcing /Applications/MacVim.app/Contents/Resources/vim/runtime/syntax/syncolor.vim
203.747  000.717  000.717: sourcing /Applications/MacVim.app/Contents/Resources/vim/runtime/syntax/syncolor.vim
212.159  013.384  011.952: sourcing /Users/rosstimson/.vim/bundle/solarized/colors/solarized.vim
214.621  000.220  000.220: sourcing /Users/rosstimson/.vim/snippets/support_functions.vim
214.900  197.921  060.612: sourcing /Users/rosstimson/.vim/vimrc
214.918  198.036  000.115: sourcing $HOME/.vimrc
214.929  000.366: sourcing vimrc file(s)
216.412  000.700  000.700: sourcing /Users/rosstimson/.vim/plugin/IndexedSearch.vim
219.001  002.510  002.510: sourcing /Users/rosstimson/.vim/plugin/ScreenShot.vim
219.971  000.888  000.888: sourcing /Users/rosstimson/.vim/plugin/ScrollColor.vim
220.692  000.643  000.643: sourcing /Users/rosstimson/.vim/plugin/autoclose.vim
222.733  001.963  001.963: sourcing /Users/rosstimson/.vim/plugin/color_sample_pack.vim
223.552  000.740  000.740: sourcing /Users/rosstimson/.vim/plugin/git.vim
225.105  001.475  001.475: sourcing /Users/rosstimson/.vim/plugin/grep.vim
225.294  000.112  000.112: sourcing /Users/rosstimson/.vim/plugin/hexHighlight.vim
225.472  000.102  000.102: sourcing /Users/rosstimson/.vim/plugin/nerdtree_plugin/FindInNERDTree.vim
226.262  000.718  000.718: sourcing /Users/rosstimson/.vim/plugin/rvm.vim
228.362  001.788  001.788: sourcing /Users/rosstimson/.vim/bundle/CSApprox/plugin/CSApprox.vim
228.742  000.299  000.299: sourcing /Users/rosstimson/.vim/bundle/CSApprox/plugin/new_approx.vim
238.691  009.709  009.709: sourcing /Users/rosstimson/.vim/bundle/NERD_commenter/plugin/NERD_commenter.vim
247.132  008.172  008.172: sourcing /Users/rosstimson/.vim/bundle/NERD_tree/plugin/NERD_tree.vim
247.594  000.210  000.210: sourcing /Users/rosstimson/.vim/bundle/ack/plugin/ack.vim
250.346  002.513  002.513: sourcing /Users/rosstimson/.vim/bundle/bufexplorer/plugin/bufexplorer.vim
252.769  002.179  002.179: sourcing /Users/rosstimson/.vim/bundle/bundler/plugin/bundler.vim
254.599  001.584  001.584: sourcing /Users/rosstimson/.vim/bundle/camelcasemotion/plugin/camelcasemotion.vim
255.478  000.269  000.269: sourcing /Users/rosstimson/.vim/bundle/ctrlp/autoload/ctrlp/mrufiles.vim
255.591  000.758  000.489: sourcing /Users/rosstimson/.vim/bundle/ctrlp/plugin/ctrlp.vim
284.362  028.508  028.508: sourcing /Users/rosstimson/.vim/bundle/cvim/plugin/c.vim
285.230  000.582  000.582: sourcing /Users/rosstimson/.vim/bundle/endwise/plugin/endwise.vim
293.496  008.027  008.027: sourcing /Users/rosstimson/.vim/bundle/fugitive/plugin/fugitive.vim
294.008  000.262  000.262: sourcing /Users/rosstimson/.vim/bundle/gist/plugin/gist.vim
296.194  001.923  001.923: sourcing /Users/rosstimson/.vim/bundle/gnupg/plugin/gnupg.vim
298.023  001.421  001.421: sourcing /Users/rosstimson/.vim/bundle/matchit/plugin/matchit.vim
299.510  001.147  001.147: sourcing /Users/rosstimson/.vim/bundle/pastie/plugin/pastie.vim
300.927  001.174  001.174: sourcing /Users/rosstimson/.vim/bundle/ragtag/plugin/ragtag.vim
301.978  000.815  000.815: sourcing /Users/rosstimson/.vim/bundle/rails/plugin/rails.vim
305.681  003.469  003.469: sourcing /Users/rosstimson/.vim/bundle/rake/plugin/rake.vim
306.061  000.135  000.135: sourcing /Users/rosstimson/.vim/bundle/scala/plugin/31-create-scala.vim
307.536  001.188  001.188: sourcing /Users/rosstimson/.vim/bundle/snipmate/plugin/snipMate.vim
309.572  001.762  001.762: sourcing /Users/rosstimson/.vim/bundle/supertab/plugin/supertab.vim
311.020  001.208  001.208: sourcing /Users/rosstimson/.vim/bundle/surround/plugin/surround.vim
337.208  025.950  025.950: sourcing /Users/rosstimson/.vim/bundle/syntastic/plugin/syntastic.vim
338.953  001.394  001.394: sourcing /Users/rosstimson/.vim/bundle/taglist_45/plugin/taglist.vim
342.896  003.661  003.661: sourcing /Users/rosstimson/.vim/bundle/unimpaired/plugin/unimpaired.vim
365.050  021.863  021.863: sourcing /Users/rosstimson/.vim/bundle/vim-preview/plugin/preview.vim
377.886  012.166  012.166: sourcing /Users/rosstimson/.vim/bundle/yankring/plugin/yankring.vim
379.245  000.251  000.251: sourcing /Applications/MacVim.app/Contents/Resources/vim/runtime/plugin/getscriptPlugin.vim
379.896  000.555  000.555: sourcing /Applications/MacVim.app/Contents/Resources/vim/runtime/plugin/gzip.vim
380.455  000.461  000.461: sourcing /Applications/MacVim.app/Contents/Resources/vim/runtime/plugin/matchparen.vim
381.706  001.152  001.152: sourcing /Applications/MacVim.app/Contents/Resources/vim/runtime/plugin/netrwPlugin.vim
381.933  000.132  000.132: sourcing /Applications/MacVim.app/Contents/Resources/vim/runtime/plugin/rrhelper.vim
382.121  000.098  000.098: sourcing /Applications/MacVim.app/Contents/Resources/vim/runtime/plugin/spellfile.vim
382.588  000.377  000.377: sourcing /Applications/MacVim.app/Contents/Resources/vim/runtime/plugin/tarPlugin.vim
382.885  000.203  000.203: sourcing /Applications/MacVim.app/Contents/Resources/vim/runtime/plugin/tohtml.vim
383.330  000.355  000.355: sourcing /Applications/MacVim.app/Contents/Resources/vim/runtime/plugin/vimballPlugin.vim
383.748  000.319  000.319: sourcing /Applications/MacVim.app/Contents/Resources/vim/runtime/plugin/zipPlugin.vim
386.518  002.340  002.340: sourcing /Users/rosstimson/.vim/bundle/snipmate/after/plugin/snipMate.vim
386.594  011.704: loading plugins
386.619  000.025: inits 3
389.236  002.484  002.484: sourcing $VIMRUNTIME/menu.vim
389.770  000.448  000.448: sourcing $VIM/gvimrc
390.158  000.127  000.127: sourcing /Users/rosstimson/.vim/gvimrc
390.170  000.258  000.131: sourcing $HOME/.gvimrc
490.273  100.464: starting GUI
495.814  005.541: reading viminfo
570.605  074.791: GUI delay
570.614  000.009: setting raw mode
570.617  000.003: start termcap
570.695  000.078: clearing screen
580.174  000.293  000.293: sourcing /Applications/MacVim.app/Contents/Resources/vim/runtime/ftplugin/xml.vim
604.998  023.926  023.926: sourcing /Users/rosstimson/.vim/ftplugin/html/zencoding.vim
607.377  000.168  000.168: sourcing /Users/rosstimson/.vim/bundle/snipmate/ftplugin/html_snip_helper.vim
608.836  000.521  000.521: sourcing /Applications/MacVim.app/Contents/Resources/vim/runtime/ftplugin/html.vim
609.528  032.817  007.909: sourcing /Applications/MacVim.app/Contents/Resources/vim/runtime/ftplugin/xhtml.vim
613.945  002.852  002.852: sourcing /Users/rosstimson/.vim/bundle/html5/indent/html.vim
614.401  000.059  000.059: sourcing /Applications/MacVim.app/Contents/Resources/vim/runtime/indent/html.vim
614.483  003.722  000.811: sourcing /Applications/MacVim.app/Contents/Resources/vim/runtime/indent/xhtml.vim
621.348  001.425  001.425: sourcing /Applications/MacVim.app/Contents/Resources/vim/runtime/syntax/javascript.vim
623.190  001.670  001.670: sourcing /Users/rosstimson/.vim/bundle/html5/after/syntax/javascript.vim
638.476  012.384  012.384: sourcing /Applications/MacVim.app/Contents/Resources/vim/runtime/syntax/vb.vim
643.075  004.031  004.031: sourcing /Users/rosstimson/.vim/bundle/html5/syntax/css.vim
651.156  007.528  007.528: sourcing /Applications/MacVim.app/Contents/Resources/vim/runtime/syntax/css.vim
653.157  036.357  009.319: sourcing /Applications/MacVim.app/Contents/Resources/vim/runtime/syntax/html.vim
675.349  000.660  000.660: sourcing /Users/rosstimson/.vim/bundle/html5/after/syntax/html.vim
676.836  000.059  000.059: sourcing /Applications/MacVim.app/Contents/Resources/vim/runtime/syntax/javascript.vim
677.322  000.355  000.355: sourcing /Users/rosstimson/.vim/bundle/html5/after/syntax/javascript.vim
714.948  038.828  038.414: sourcing /Users/rosstimson/.vim/bundle/vim-coffee-script/syntax/coffee.vim
715.276  039.742  000.914: sourcing /Users/rosstimson/.vim/bundle/vim-coffee-script/after/syntax/html.vim
715.322  099.130  022.371: sourcing /Applications/MacVim.app/Contents/Resources/vim/runtime/syntax/xhtml.vim
717.871  000.962  000.962: sourcing /Applications/MacVim.app/Contents/Resources/vim/runtime/autoload/xmlcomplete.vim
745.210  003.834  003.834: sourcing /Applications/MacVim.app/Contents/Resources/vim/runtime/autoload/xml/xhtml10s.vim
754.705  001.012  001.012: sourcing /Users/rosstimson/.vim/bundle/modx/after/syntax/modx.vim
763.245  000.641  000.641: sourcing /Users/rosstimson/.vim/bundle/modx/after/syntax/modx.vim
765.452  000.239  000.239: sourcing /Users/rosstimson/.vim/bundle/ctrlp/autoload/ctrlp/utils.vim
778.365  000.646  000.646: sourcing /Users/rosstimson/.vim/bundle/modx/after/syntax/modx.vim
789.509  001.062  001.062: sourcing /Users/rosstimson/.vim/bundle/modx/after/syntax/modx.vim
790.025  075.265: opening buffers
790.265  000.240: BufEnter autocommands
790.270  000.005: editing files in windows
835.147  000.298  000.298: sourcing /Users/rosstimson/.vim/bundle/NERD_tree/nerdtree_plugin/exec_menuitem.vim
837.061  001.820  001.820: sourcing /Users/rosstimson/.vim/bundle/NERD_tree/nerdtree_plugin/fs_menu.vim
842.163  049.775: VimEnter autocommands
842.167  000.004: before starting main loop
861.045  018.878: first screen update
861.049  000.004: --- VIM STARTED ---
